********************************************************************************
DUPLICATOR-LITE PACKAGE-LOG: June 27, 2018 6:50 pm
NOTICE: Do NOT post to public sites or forums 
********************************************************************************
VERSION:	1.2.40
WORDPRESS:	4.9.6
PHP INFO:	7.1.1 | SAPI: apache2handler
SERVER:		Apache/2.4.25 (Win32) OpenSSL/1.0.2k PHP/7.1.1 
PHP TIME LIMIT: (0) no time limit imposed 
PHP MAX MEMORY: 2048M (512M default) 
MEMORY STACK: 2MB 

********************************************************************************
DATABASE:
********************************************************************************
BUILD MODE:   PHP(query limit - 100)
MYSQLTIMEOUT: 5000
MYSQLDUMP:    Not Supported 
TABLES: total:24 | filtered:0 | create:24 
FILTERED: [] 
SQL CREATED: 20180618_nautica_ac8a1feb5325b0dd6245180627184728_database.sql 
SQL FILE SIZE: 422.33KB (432470) 
SQL FILE TIME: 2018-06-27 18:50:10 
SQL RUNTIME: 4.65 sec. 

******************************************************************************** 
ARCHIVE (ZIP): 
******************************************************************************** 
ARCHIVE DIR:  C:/laragon/www/avotz/Nautica/wordpress 
ARCHIVE FILE: 20180618_nautica_ac8a1feb5325b0dd6245180627184728_archive.zip 
FILTERS: *OFF* 
DIRS:
	not set 
FILES:
	not set 
EXTS:  not set 
---------------------------------------- 
COMPRESSING 
SIZE:	0B 
STATS:	Dirs 0 | Files 0 
SQL ADDED: 20180618_nautica_ac8a1feb5325b0dd6245180627184728_database.sql 
ZipArchive Object
(
    [status] => 0
    [statusSys] => 0
    [numFiles] => 1
    [filename] => C:\laragon\www\avotz\Nautica\wordpress\wp-snapshots\tmp\20180618_nautica_ac8a1feb5325b0dd6245180627184728_archive.zip
    [comment] => 
)
 
COMPRESSION RESULT: '1' 
COMPRESSED SIZE: 89.85KB 
ARCHIVE RUNTIME: 1.47 sec. 
MEMORY STACK: 4MB 

******************************************************************************** 
MAKE INSTALLER: 
******************************************************************************** 
Build Start 
Build Finished 
Preping for use 
PACK SIZE:  
Template parsed with new data 
Complete [C:/laragon/www/avotz/Nautica/wordpress/wp-snapshots/tmp/20180618_nautica_ac8a1feb5325b0dd6245180627184728_installer.php] 
Added to archive 

******************************************************************************** 
INTEGRITY CHECKS: 
******************************************************************************** 
SQL File: 422.33KB 
Installer File: 445.9KB 
Archive File: 89.85KB  

********************************************************************************
RECORD ID:[2]
TOTAL PROCESS RUNTIME: 9.95 sec.
PEAK PHP MEMORY USED: 4MB
DONE PROCESSING => 20180618_nautica June 27, 2018 6:50 pm
 
